-- [20200531-192223 - ::1]
ComponentMysql.query:

        -- is_registered
        SELECT id FROM app_ip WHERE remote_ip='::1'

-- [20200531-192223 - ::1]
ComponentMysql.exec:

        -- save_request
        INSERT INTO app_ip_request (remote_ip,domain,request_uri,post,get,files) 
        VALUES ('::1','localhost:3100','/ipblocker.php','','','')

-- [20200531-192223 - ::1]
ComponentMysql.query:

        -- is_blacklisted
        SELECT id FROM app_ip_blacklist WHERE remote_ip='::1' AND is_blocked=1

-- [20200531-192248 - ::1]
ComponentMysql.query:

        -- is_registered
        SELECT id FROM app_ip WHERE remote_ip='::1'

-- [20200531-192248 - ::1]
ComponentMysql.exec:

        -- save_request
        INSERT INTO app_ip_request (remote_ip,domain,request_uri,post,get,files) 
        VALUES ('::1','localhost:3100','/ipblocker.php','','','')

-- [20200531-192248 - ::1]
ComponentMysql.query:

        -- is_blacklisted
        SELECT id FROM app_ip_blacklist WHERE remote_ip='::1' AND is_blocked=1

-- [20200531-192722 - ::1]
ComponentMysql.query:

        -- is_registered
        SELECT id FROM app_ip WHERE remote_ip='::1'

-- [20200531-192722 - ::1]
ComponentMysql.exec:

        -- save_request
        INSERT INTO app_ip_request (remote_ip,domain,request_uri,post,get,files) 
        VALUES ('::1','localhost:3100','/ipblocker.php','','','')

-- [20200531-192722 - ::1]
ComponentMysql.query:

        -- is_blacklisted
        SELECT id FROM app_ip_blacklist WHERE remote_ip='::1' AND is_blocked=1

-- [20200531-192732 - ::1]
ComponentMysql.query:

        -- is_registered
        SELECT id FROM app_ip WHERE remote_ip='::1'

-- [20200531-192732 - ::1]
ComponentMysql.exec:

        -- save_request
        INSERT INTO app_ip_request (remote_ip,domain,request_uri,post,get,files) 
        VALUES ('::1','localhost:3100','/ipblocker.php','','','')

-- [20200531-192732 - ::1]
ComponentMysql.query:

        -- is_blacklisted
        SELECT id FROM app_ip_blacklist WHERE remote_ip='::1' AND is_blocked=1

